  [1m[35m (554.1ms)[0m  [1m[35mCREATE DATABASE "news_room_development" ENCODING = 'unicode'[0m
  ↳ /Users/davidboll/.rvm/gems/ruby-2.5.0@global/gems/rake-12.3.0/lib/rake/task.rb:251
  [1m[35m (481.0ms)[0m  [1m[35mCREATE DATABASE "news_room_test" ENCODING = 'unicode'[0m
  ↳ /Users/davidboll/.rvm/gems/ruby-2.5.0@global/gems/rake-12.3.0/lib/rake/task.rb:251
  [1m[35m (33.7ms)[0m  [1m[35mCREATE TABLE "schema_migrations" ("version" character varying NOT NULL PRIMARY KEY)[0m
  ↳ /Users/davidboll/.rvm/gems/ruby-2.5.0@global/gems/rake-12.3.0/lib/rake/task.rb:251
  [1m[35m (25.1ms)[0m  [1m[35mCREATE TABLE "ar_internal_metadata" ("key" character varying NOT NULL PRIMARY KEY, "value" character varying, "created_at" timestamp NOT NULL, "updated_at" timestamp NOT NULL)[0m
  ↳ /Users/davidboll/.rvm/gems/ruby-2.5.0@global/gems/rake-12.3.0/lib/rake/task.rb:251
  [1m[35m (0.7ms)[0m  [1m[34mSELECT pg_try_advisory_lock(2781937814232953775)[0m
  ↳ /Users/davidboll/.rvm/gems/ruby-2.5.0@global/gems/rake-12.3.0/lib/rake/task.rb:251
  [1m[35m (0.9ms)[0m  [1m[34mSELECT "schema_migrations"."version" FROM "schema_migrations" ORDER BY "schema_migrations"."version" ASC[0m
  ↳ /Users/davidboll/.rvm/gems/ruby-2.5.0@global/gems/rake-12.3.0/lib/rake/task.rb:251
  [1m[36mActiveRecord::InternalMetadata Load (0.4ms)[0m  [1m[34mSELECT  "ar_internal_metadata".* FROM "ar_internal_metadata" WHERE "ar_internal_metadata"."key" = $1 LIMIT $2[0m  [["key", "environment"], ["LIMIT", 1]]
  ↳ /Users/davidboll/.rvm/gems/ruby-2.5.0@global/gems/rake-12.3.0/lib/rake/task.rb:251
  [1m[35m (0.2ms)[0m  [1m[35mBEGIN[0m
  ↳ /Users/davidboll/.rvm/gems/ruby-2.5.0@global/gems/rake-12.3.0/lib/rake/task.rb:251
  [1m[36mActiveRecord::InternalMetadata Create (13.1ms)[0m  [1m[32mINSERT INTO "ar_internal_metadata" ("key", "value", "created_at", "updated_at") VALUES ($1, $2, $3, $4) RETURNING "key"[0m  [["key", "environment"], ["value", "development"], ["created_at", "2018-03-14 15:03:10.627317"], ["updated_at", "2018-03-14 15:03:10.627317"]]
  ↳ /Users/davidboll/.rvm/gems/ruby-2.5.0@global/gems/rake-12.3.0/lib/rake/task.rb:251
  [1m[35m (4.9ms)[0m  [1m[35mCOMMIT[0m
  ↳ /Users/davidboll/.rvm/gems/ruby-2.5.0@global/gems/rake-12.3.0/lib/rake/task.rb:251
  [1m[35m (0.4ms)[0m  [1m[34mSELECT pg_advisory_unlock(2781937814232953775)[0m
  ↳ /Users/davidboll/.rvm/gems/ruby-2.5.0@global/gems/rake-12.3.0/lib/rake/task.rb:251
  [1m[35m (0.3ms)[0m  [1m[34mSELECT "schema_migrations"."version" FROM "schema_migrations" ORDER BY "schema_migrations"."version" ASC[0m
  ↳ /Users/davidboll/.rvm/gems/ruby-2.5.0@global/gems/rake-12.3.0/lib/rake/task.rb:251
